<?xml version="1.0" encoding="UTF-8"?>
<!-- Generated by org.testng.reporters.JUnitReportReporter -->
<testsuite hostname="MD-1MB0RG2" name="com.test.gMap.Testing" tests="1" failures="0" timestamp="27 Nov 2019 14:11:59 GMT" time="9.504" errors="0">
  <testcase name="testing" time="9.504" classname="com.test.gMap.Testing"/>
</testsuite> <!-- com.test.gMap.Testing -->
